2022-02-06 11:33:20.95960 [INFO] -> AutoUpdater: Starting AutoUpdater
2022-02-06 11:33:20.96019 [INFO] -> AutoUpdater: Watch Directory: C:\Users\john\src\FileFlows\FileFlows\Server\updates
2022-02-06 11:33:30.98731 [DBUG] -> Flow executor 'Internal Processing Node' not enabled
2022-02-06 11:33:40.96729 [DBUG] -> Flow executor 'Internal Processing Node' not enabled
2022-02-06 11:33:50.96674 [DBUG] -> Flow executor 'Internal Processing Node' not enabled
2022-02-06 11:33:50.96719 [INFO] -> WatchedLibrary: Library 'oracle tv' marked for full scan
2022-02-06 11:34:00.97801 [DBUG] -> Flow executor 'Internal Processing Node' not enabled
2022-02-06 11:34:10.96804 [DBUG] -> Flow executor 'Internal Processing Node' not enabled
2022-02-06 11:34:30.40074 [DBUG] -> Flow executor 'Internal Processing Node' not enabled
2022-02-06 11:34:30.97173 [DBUG] -> Flow executor 'Internal Processing Node' not enabled
2022-02-06 11:34:40.97766 [DBUG] -> Flow executor 'Internal Processing Node' not enabled
2022-02-06 11:34:40.97771 [INFO] -> WatchedLibrary: Library 'Video Library' marked for full scan
2022-02-06 11:34:41.02127 [INFO] -> WatchedLibrary: Library 'oracle tv' marked for full scan
2022-02-06 11:34:50.97917 [DBUG] -> Flow executor 'Internal Processing Node' not enabled
2022-02-06 11:35:00.96739 [DBUG] -> Flow executor 'Internal Processing Node' not enabled
2022-02-06 11:37:17.86739 [INFO] -> ==================================================
2022-02-06 11:37:17.86843 [INFO] -> Starting File Flows 0.3.3.575
2022-02-06 11:37:17.86876 [INFO] -> ==================================================
2022-02-06 11:37:17.86939 [INFO] -> Startup cleanup
2022-02-06 11:37:17.87969 [INFO] -> Scanning for plugins
2022-02-06 11:37:17.88007 [INFO] -> Plugin path:C:\Users\john\src\FileFlows\FileFlows\Server\Plugins
2022-02-06 11:37:17.93504 [INFO] -> Plugin file found: C:\Users\john\src\FileFlows\FileFlows\Server\Plugins\BasicNodes.ffplugin
2022-02-06 11:37:17.94323 [INFO] -> Plugin.Name: Basic Nodes
2022-02-06 11:37:17.94368 [INFO] -> Plugin.PackageName: BasicNodes
2022-02-06 11:37:17.94400 [INFO] -> Plugin.Version: 0.1.0.149
2022-02-06 11:37:17.94430 [INFO] -> Plugin.Url: https://fileflows.com/
2022-02-06 11:37:17.94456 [INFO] -> Plugin.Authors: John Andrews
2022-02-06 11:37:17.94484 [INFO] -> Updating plugin: Basic Nodes
2022-02-06 11:37:17.98677 [INFO] -> Plugin file found: C:\Users\john\src\FileFlows\FileFlows\Server\Plugins\ChecksumNodes.ffplugin
2022-02-06 11:37:17.98753 [INFO] -> Plugin.Name: Checksum Nodes
2022-02-06 11:37:17.98788 [INFO] -> Plugin.PackageName: ChecksumNodes
2022-02-06 11:37:17.98815 [INFO] -> Plugin.Version: 0.1.0.149
2022-02-06 11:37:17.98839 [INFO] -> Plugin.Url: https://fileflows.com/
2022-02-06 11:37:17.98869 [INFO] -> Plugin.Authors: John Andrews
2022-02-06 11:37:17.98905 [INFO] -> Updating plugin: Checksum Nodes
2022-02-06 11:37:17.99944 [INFO] -> Plugin file found: C:\Users\john\src\FileFlows\FileFlows\Server\Plugins\CollectionNodes.ffplugin
2022-02-06 11:37:18.00042 [INFO] -> Plugin.Name: Collection Nodes
2022-02-06 11:37:18.00078 [INFO] -> Plugin.PackageName: CollectionNodes
2022-02-06 11:37:18.00110 [INFO] -> Plugin.Version: 0.1.0.149
2022-02-06 11:37:18.00141 [INFO] -> Plugin.Url: https://fileflows.com/
2022-02-06 11:37:18.00176 [INFO] -> Plugin.Authors: John Andrews
2022-02-06 11:37:18.00221 [INFO] -> Updating plugin: Collection Nodes
2022-02-06 11:37:18.01442 [INFO] -> Plugin file found: C:\Users\john\src\FileFlows\FileFlows\Server\Plugins\EmailNodes.ffplugin
2022-02-06 11:37:18.01525 [INFO] -> Plugin.Name: Email Nodes
2022-02-06 11:37:18.01562 [INFO] -> Plugin.PackageName: EmailNodes
2022-02-06 11:37:18.01596 [INFO] -> Plugin.Version: 0.1.0.149
2022-02-06 11:37:18.01638 [INFO] -> Plugin.Url: https://fileflows.com/
2022-02-06 11:37:18.01672 [INFO] -> Plugin.Authors: John Andrews
2022-02-06 11:37:18.01711 [INFO] -> Updating plugin: Email Nodes
2022-02-06 11:37:18.03089 [INFO] -> Plugin file found: C:\Users\john\src\FileFlows\FileFlows\Server\Plugins\MetaNodes.ffplugin
2022-02-06 11:37:18.03156 [INFO] -> Plugin.Name: Meta Nodes
2022-02-06 11:37:18.03239 [INFO] -> Plugin.PackageName: MetaNodes
2022-02-06 11:37:18.03280 [INFO] -> Plugin.Version: 0.1.0.149
2022-02-06 11:37:18.03341 [INFO] -> Plugin.Url: https://fileflows.com/
2022-02-06 11:37:18.03379 [INFO] -> Plugin.Authors: John Andrews
2022-02-06 11:37:18.03435 [INFO] -> Updating plugin: Meta Nodes
2022-02-06 11:37:18.04322 [INFO] -> Plugin file found: C:\Users\john\src\FileFlows\FileFlows\Server\Plugins\MusicNodes.ffplugin
2022-02-06 11:37:18.04400 [INFO] -> Plugin.Name: Music Nodes
2022-02-06 11:37:18.04431 [INFO] -> Plugin.PackageName: MusicNodes
2022-02-06 11:37:18.04464 [INFO] -> Plugin.Version: 0.1.0.149
2022-02-06 11:37:18.04500 [INFO] -> Plugin.Url: https://fileflows.com/
2022-02-06 11:37:18.04532 [INFO] -> Plugin.Authors: John Andrews
2022-02-06 11:37:18.04564 [INFO] -> Updating plugin: Music Nodes
2022-02-06 11:37:18.05604 [INFO] -> Plugin file found: C:\Users\john\src\FileFlows\FileFlows\Server\Plugins\VideoNodes.ffplugin
2022-02-06 11:37:18.05690 [INFO] -> Plugin.Name: Video Nodes
2022-02-06 11:37:18.05715 [INFO] -> Plugin.PackageName: VideoNodes
2022-02-06 11:37:18.05745 [INFO] -> Plugin.Version: 0.1.0.149
2022-02-06 11:37:18.05770 [INFO] -> Plugin.Url: https://fileflows.com/
2022-02-06 11:37:18.05797 [INFO] -> Plugin.Authors: John Andrews
2022-02-06 11:37:18.05822 [INFO] -> Updating plugin: Video Nodes
2022-02-06 11:37:18.06897 [INFO] -> Finished scanning for plugins
2022-02-06 11:37:18.06978 [INFO] -> Language file not found: C:\Users\john\src\FileFlows\FileFlows\Server\wwwroot\i18n\en.json
2022-02-06 11:37:18.07660 [INFO] -> Language keys found: 0
2022-02-06 11:37:24.46464 [INFO] -> AutoUpdater: Starting AutoUpdater
2022-02-06 11:37:24.46878 [INFO] -> AutoUpdater: Watch Directory: C:\Users\john\src\FileFlows\FileFlows\Server\updates
2022-02-06 11:38:19.22335 [INFO] -> ==================================================
2022-02-06 11:38:19.22438 [INFO] -> Starting File Flows 0.3.3.575
2022-02-06 11:38:19.22475 [INFO] -> ==================================================
2022-02-06 11:38:19.22544 [INFO] -> Startup cleanup
2022-02-06 11:38:19.23626 [INFO] -> Scanning for plugins
2022-02-06 11:38:19.23669 [INFO] -> Plugin path:C:\Users\john\src\FileFlows\FileFlows\Server\Plugins
2022-02-06 11:38:19.28236 [INFO] -> Plugin file found: C:\Users\john\src\FileFlows\FileFlows\Server\Plugins\BasicNodes.ffplugin
2022-02-06 11:38:19.28981 [INFO] -> Plugin.Name: Basic Nodes
2022-02-06 11:38:19.29019 [INFO] -> Plugin.PackageName: BasicNodes
2022-02-06 11:38:19.29048 [INFO] -> Plugin.Version: 0.1.0.149
2022-02-06 11:38:19.29072 [INFO] -> Plugin.Url: https://fileflows.com/
2022-02-06 11:38:19.29096 [INFO] -> Plugin.Authors: John Andrews
2022-02-06 11:38:19.29124 [INFO] -> Updating plugin: Basic Nodes
2022-02-06 11:38:19.32127 [INFO] -> Plugin file found: C:\Users\john\src\FileFlows\FileFlows\Server\Plugins\ChecksumNodes.ffplugin
2022-02-06 11:38:19.32184 [INFO] -> Plugin.Name: Checksum Nodes
2022-02-06 11:38:19.32215 [INFO] -> Plugin.PackageName: ChecksumNodes
2022-02-06 11:38:19.32239 [INFO] -> Plugin.Version: 0.1.0.149
2022-02-06 11:38:19.32264 [INFO] -> Plugin.Url: https://fileflows.com/
2022-02-06 11:38:19.32295 [INFO] -> Plugin.Authors: John Andrews
2022-02-06 11:38:19.32320 [INFO] -> Updating plugin: Checksum Nodes
2022-02-06 11:38:19.33304 [INFO] -> Plugin file found: C:\Users\john\src\FileFlows\FileFlows\Server\Plugins\CollectionNodes.ffplugin
2022-02-06 11:38:19.33366 [INFO] -> Plugin.Name: Collection Nodes
2022-02-06 11:38:19.33392 [INFO] -> Plugin.PackageName: CollectionNodes
2022-02-06 11:38:19.33418 [INFO] -> Plugin.Version: 0.1.0.149
2022-02-06 11:38:19.33446 [INFO] -> Plugin.Url: https://fileflows.com/
2022-02-06 11:38:19.33471 [INFO] -> Plugin.Authors: John Andrews
2022-02-06 11:38:19.33498 [INFO] -> Updating plugin: Collection Nodes
2022-02-06 11:38:19.34389 [INFO] -> Plugin file found: C:\Users\john\src\FileFlows\FileFlows\Server\Plugins\EmailNodes.ffplugin
2022-02-06 11:38:19.34455 [INFO] -> Plugin.Name: Email Nodes
2022-02-06 11:38:19.34619 [INFO] -> Plugin.PackageName: EmailNodes
2022-02-06 11:38:19.34684 [INFO] -> Plugin.Version: 0.1.0.149
2022-02-06 11:38:19.34738 [INFO] -> Plugin.Url: https://fileflows.com/
2022-02-06 11:38:19.34773 [INFO] -> Plugin.Authors: John Andrews
2022-02-06 11:38:19.34817 [INFO] -> Updating plugin: Email Nodes
2022-02-06 11:38:19.36003 [INFO] -> Plugin file found: C:\Users\john\src\FileFlows\FileFlows\Server\Plugins\MetaNodes.ffplugin
2022-02-06 11:38:19.36062 [INFO] -> Plugin.Name: Meta Nodes
2022-02-06 11:38:19.36093 [INFO] -> Plugin.PackageName: MetaNodes
2022-02-06 11:38:19.36121 [INFO] -> Plugin.Version: 0.1.0.149
2022-02-06 11:38:19.36173 [INFO] -> Plugin.Url: https://fileflows.com/
2022-02-06 11:38:19.36199 [INFO] -> Plugin.Authors: John Andrews
2022-02-06 11:38:19.36223 [INFO] -> Updating plugin: Meta Nodes
2022-02-06 11:38:19.37068 [INFO] -> Plugin file found: C:\Users\john\src\FileFlows\FileFlows\Server\Plugins\MusicNodes.ffplugin
2022-02-06 11:38:19.37128 [INFO] -> Plugin.Name: Music Nodes
2022-02-06 11:38:19.37156 [INFO] -> Plugin.PackageName: MusicNodes
2022-02-06 11:38:19.37188 [INFO] -> Plugin.Version: 0.1.0.149
2022-02-06 11:38:19.37217 [INFO] -> Plugin.Url: https://fileflows.com/
2022-02-06 11:38:19.37251 [INFO] -> Plugin.Authors: John Andrews
2022-02-06 11:38:19.37279 [INFO] -> Updating plugin: Music Nodes
2022-02-06 11:38:19.37979 [INFO] -> Plugin file found: C:\Users\john\src\FileFlows\FileFlows\Server\Plugins\VideoNodes.ffplugin
2022-02-06 11:38:19.38062 [INFO] -> Plugin.Name: Video Nodes
2022-02-06 11:38:19.38086 [INFO] -> Plugin.PackageName: VideoNodes
2022-02-06 11:38:19.38109 [INFO] -> Plugin.Version: 0.1.0.149
2022-02-06 11:38:19.38133 [INFO] -> Plugin.Url: https://fileflows.com/
2022-02-06 11:38:19.38154 [INFO] -> Plugin.Authors: John Andrews
2022-02-06 11:38:19.38177 [INFO] -> Updating plugin: Video Nodes
2022-02-06 11:38:19.39241 [INFO] -> Finished scanning for plugins
2022-02-06 11:38:19.39320 [INFO] -> Language file not found: C:\Users\john\src\FileFlows\FileFlows\Server\wwwroot\i18n\en.json
2022-02-06 11:38:19.42301 [INFO] -> Language keys found: 0
2022-02-06 11:38:25.63761 [INFO] -> AutoUpdater: Starting AutoUpdater
2022-02-06 11:38:25.64058 [INFO] -> AutoUpdater: Watch Directory: C:\Users\john\src\FileFlows\FileFlows\Server\updates
2022-02-06 11:38:43.61592 [DBUG] -> Flow executor 'Internal Processing Node' not enabled
2022-02-06 11:38:43.62280 [DBUG] -> New unknown file: \\oracle\tv\11.22.63\Season 1\11.22.63 - 1x04 - The Eyes of Texas.mkv
2022-02-06 11:38:44.14921 [DBUG] -> Time taken "00:00:00.5248169" to test can access file: "\\oracle\tv\11.22.63\Season 1\11.22.63 - 1x04 - The Eyes of Texas.mkv"
2022-02-06 11:38:45.64754 [DBUG] -> Flow executor 'Internal Processing Node' not enabled
2022-02-06 11:38:55.64377 [DBUG] -> Flow executor 'Internal Processing Node' not enabled
2022-02-06 11:39:05.65929 [DBUG] -> Flow executor 'Internal Processing Node' not enabled
2022-02-06 11:39:15.65665 [DBUG] -> Flow executor 'Internal Processing Node' not enabled
2022-02-06 11:39:16.03626 [DBUG] -> Time taken "00:00:32.4134575" to get new library file: "\\oracle\tv\11.22.63\Season 1\11.22.63 - 1x04 - The Eyes of Texas.mkv"
2022-02-06 11:39:16.04764 [DBUG] -> New unknown file: \\oracle\tv\11.22.63\Season 1\11.22.63 - 1x05 - The Truth.mkv
2022-02-06 11:39:16.16028 [DBUG] -> Time taken "00:00:00.1123524" to test can access file: "\\oracle\tv\11.22.63\Season 1\11.22.63 - 1x05 - The Truth.mkv"
2022-02-06 11:39:25.66852 [DBUG] -> Flow executor 'Internal Processing Node' not enabled
2022-02-06 11:39:35.65049 [DBUG] -> Flow executor 'Internal Processing Node' not enabled
2022-02-06 11:39:42.61539 [DBUG] -> Time taken "00:00:26.5698978" to get new library file: "\\oracle\tv\11.22.63\Season 1\11.22.63 - 1x05 - The Truth.mkv"
2022-02-06 11:39:42.62405 [DBUG] -> New unknown file: \\oracle\tv\11.22.63\Season 1\11.22.63 - 1x06 - Happy Birthday, Lee Harvey Oswald.mkv
2022-02-06 11:39:43.44454 [DBUG] -> Time taken "00:00:00.8201800" to test can access file: "\\oracle\tv\11.22.63\Season 1\11.22.63 - 1x06 - Happy Birthday, Lee Harvey Oswald.mkv"
2022-02-06 11:39:45.64828 [DBUG] -> Flow executor 'Internal Processing Node' not enabled
2022-02-06 11:39:55.64747 [DBUG] -> Flow executor 'Internal Processing Node' not enabled
2022-02-06 11:40:05.65143 [DBUG] -> Flow executor 'Internal Processing Node' not enabled
2022-02-06 11:40:11.52156 [DBUG] -> Time taken "00:00:28.8975013" to get new library file: "\\oracle\tv\11.22.63\Season 1\11.22.63 - 1x06 - Happy Birthday, Lee Harvey Oswald.mkv"
2022-02-06 11:40:11.53764 [DBUG] -> New unknown file: \\oracle\tv\11.22.63\Season 1\11.22.63 - 1x07 - Soldier Boy.mkv
2022-02-06 11:40:11.74490 [DBUG] -> Time taken "00:00:00.2068948" to test can access file: "\\oracle\tv\11.22.63\Season 1\11.22.63 - 1x07 - Soldier Boy.mkv"
2022-02-06 11:40:15.65048 [DBUG] -> Flow executor 'Internal Processing Node' not enabled
2022-02-06 11:40:52.02142 [INFO] -> ==================================================
2022-02-06 11:40:52.02273 [INFO] -> Starting File Flows 0.3.3.575
2022-02-06 11:40:52.02311 [INFO] -> ==================================================
2022-02-06 11:40:52.02399 [INFO] -> Startup cleanup
2022-02-06 11:40:52.03515 [INFO] -> Scanning for plugins
2022-02-06 11:40:52.03559 [INFO] -> Plugin path:C:\Users\john\src\FileFlows\FileFlows\Server\Plugins
2022-02-06 11:40:52.08851 [INFO] -> Plugin file found: C:\Users\john\src\FileFlows\FileFlows\Server\Plugins\BasicNodes.ffplugin
2022-02-06 11:40:52.09581 [INFO] -> Plugin.Name: Basic Nodes
2022-02-06 11:40:52.09628 [INFO] -> Plugin.PackageName: BasicNodes
2022-02-06 11:40:52.09661 [INFO] -> Plugin.Version: 0.1.0.149
2022-02-06 11:40:52.09688 [INFO] -> Plugin.Url: https://fileflows.com/
2022-02-06 11:40:52.09714 [INFO] -> Plugin.Authors: John Andrews
2022-02-06 11:40:52.09741 [INFO] -> Updating plugin: Basic Nodes
2022-02-06 11:40:52.13405 [INFO] -> Plugin file found: C:\Users\john\src\FileFlows\FileFlows\Server\Plugins\ChecksumNodes.ffplugin
2022-02-06 11:40:52.13464 [INFO] -> Plugin.Name: Checksum Nodes
2022-02-06 11:40:52.13497 [INFO] -> Plugin.PackageName: ChecksumNodes
2022-02-06 11:40:52.13525 [INFO] -> Plugin.Version: 0.1.0.149
2022-02-06 11:40:52.13549 [INFO] -> Plugin.Url: https://fileflows.com/
2022-02-06 11:40:52.13576 [INFO] -> Plugin.Authors: John Andrews
2022-02-06 11:40:52.13605 [INFO] -> Updating plugin: Checksum Nodes
2022-02-06 11:40:52.14432 [INFO] -> Plugin file found: C:\Users\john\src\FileFlows\FileFlows\Server\Plugins\CollectionNodes.ffplugin
2022-02-06 11:40:52.14499 [INFO] -> Plugin.Name: Collection Nodes
2022-02-06 11:40:52.14527 [INFO] -> Plugin.PackageName: CollectionNodes
2022-02-06 11:40:52.14554 [INFO] -> Plugin.Version: 0.1.0.149
2022-02-06 11:40:52.14585 [INFO] -> Plugin.Url: https://fileflows.com/
2022-02-06 11:40:52.14613 [INFO] -> Plugin.Authors: John Andrews
2022-02-06 11:40:52.14638 [INFO] -> Updating plugin: Collection Nodes
2022-02-06 11:40:52.15663 [INFO] -> Plugin file found: C:\Users\john\src\FileFlows\FileFlows\Server\Plugins\EmailNodes.ffplugin
2022-02-06 11:40:52.15729 [INFO] -> Plugin.Name: Email Nodes
2022-02-06 11:40:52.15760 [INFO] -> Plugin.PackageName: EmailNodes
2022-02-06 11:40:52.15805 [INFO] -> Plugin.Version: 0.1.0.149
2022-02-06 11:40:52.15835 [INFO] -> Plugin.Url: https://fileflows.com/
2022-02-06 11:40:52.15864 [INFO] -> Plugin.Authors: John Andrews
2022-02-06 11:40:52.15892 [INFO] -> Updating plugin: Email Nodes
2022-02-06 11:40:52.16615 [INFO] -> Plugin file found: C:\Users\john\src\FileFlows\FileFlows\Server\Plugins\MetaNodes.ffplugin
2022-02-06 11:40:52.16668 [INFO] -> Plugin.Name: Meta Nodes
2022-02-06 11:40:52.16695 [INFO] -> Plugin.PackageName: MetaNodes
2022-02-06 11:40:52.16721 [INFO] -> Plugin.Version: 0.1.0.149
2022-02-06 11:40:52.16752 [INFO] -> Plugin.Url: https://fileflows.com/
2022-02-06 11:40:52.16787 [INFO] -> Plugin.Authors: John Andrews
2022-02-06 11:40:52.16812 [INFO] -> Updating plugin: Meta Nodes
2022-02-06 11:40:52.17737 [INFO] -> Plugin file found: C:\Users\john\src\FileFlows\FileFlows\Server\Plugins\MusicNodes.ffplugin
2022-02-06 11:40:52.17806 [INFO] -> Plugin.Name: Music Nodes
2022-02-06 11:40:52.17832 [INFO] -> Plugin.PackageName: MusicNodes
2022-02-06 11:40:52.17882 [INFO] -> Plugin.Version: 0.1.0.149
2022-02-06 11:40:52.17925 [INFO] -> Plugin.Url: https://fileflows.com/
2022-02-06 11:40:52.17961 [INFO] -> Plugin.Authors: John Andrews
2022-02-06 11:40:52.17990 [INFO] -> Updating plugin: Music Nodes
2022-02-06 11:40:52.19122 [INFO] -> Plugin file found: C:\Users\john\src\FileFlows\FileFlows\Server\Plugins\VideoNodes.ffplugin
2022-02-06 11:40:52.19256 [INFO] -> Plugin.Name: Video Nodes
2022-02-06 11:40:52.19306 [INFO] -> Plugin.PackageName: VideoNodes
2022-02-06 11:40:52.19351 [INFO] -> Plugin.Version: 0.1.0.149
2022-02-06 11:40:52.19385 [INFO] -> Plugin.Url: https://fileflows.com/
2022-02-06 11:40:52.19431 [INFO] -> Plugin.Authors: John Andrews
2022-02-06 11:40:52.19467 [INFO] -> Updating plugin: Video Nodes
2022-02-06 11:40:52.20662 [INFO] -> Finished scanning for plugins
2022-02-06 11:40:52.20761 [INFO] -> Language file not found: C:\Users\john\src\FileFlows\FileFlows\Server\wwwroot\i18n\en.json
2022-02-06 11:40:52.21453 [INFO] -> Language keys found: 0
2022-02-06 11:40:58.54012 [INFO] -> AutoUpdater: Starting AutoUpdater
2022-02-06 11:40:58.54442 [INFO] -> AutoUpdater: Watch Directory: C:\Users\john\src\FileFlows\FileFlows\Server\updates
2022-02-06 11:41:05.16414 [DBUG] -> New unknown file: \\oracle\tv\11.22.63\Season 1\11.22.63 - 1x07 - Soldier Boy.mkv
2022-02-06 11:41:05.19898 [DBUG] -> Time taken "00:00:00.0330794" to test can access file: "\\oracle\tv\11.22.63\Season 1\11.22.63 - 1x07 - Soldier Boy.mkv"
2022-02-06 11:41:08.56539 [DBUG] -> Flow executor 'Internal Processing Node' not enabled
2022-02-06 11:41:13.82770 [DBUG] -> Time taken "00:00:08.6636083" to get new library file: "\\oracle\tv\11.22.63\Season 1\11.22.63 - 1x07 - Soldier Boy.mkv"
2022-02-06 11:41:13.84104 [DBUG] -> New unknown file: \\oracle\tv\11.22.63\Season 1\11.22.63 - 1x08 - The Day in Question.mkv
2022-02-06 11:41:14.07961 [DBUG] -> Time taken "00:00:00.2381278" to test can access file: "\\oracle\tv\11.22.63\Season 1\11.22.63 - 1x08 - The Day in Question.mkv"
2022-02-06 11:41:50.36676 [DBUG] -> Flow executor 'Internal Processing Node' not enabled
2022-02-06 11:41:50.37320 [DBUG] -> Flow executor 'Internal Processing Node' not enabled
2022-02-06 11:41:50.42483 [DBUG] -> Time taken "00:00:36.5837943" to get new library file: "\\oracle\tv\11.22.63\Season 1\11.22.63 - 1x08 - The Day in Question.mkv"
2022-02-06 11:41:50.43620 [DBUG] -> New unknown file: \\oracle\tv\A Very English Scandal\Season 1\A Very English Scandal - 1x02 - Episode 2.mkv
2022-02-06 11:41:50.80496 [DBUG] -> Time taken "00:00:00.3683835" to test can access file: "\\oracle\tv\A Very English Scandal\Season 1\A Very English Scandal - 1x02 - Episode 2.mkv"
2022-02-06 11:42:00.36425 [DBUG] -> Flow executor 'Internal Processing Node' not enabled
